[debug] [2023-05-08T13:19:10.591Z] ----------------------------------------------------------------------
[debug] [2023-05-08T13:19:10.593Z] Command:       C:\Program Files\nodejs\node.exe C:\Users\USER\AppData\Roaming\npm\node_modules\firebase-tools\lib\bin\firebase.js deploy
[debug] [2023-05-08T13:19:10.594Z] CLI Version:   11.20.0
[debug] [2023-05-08T13:19:10.594Z] Platform:      win32
[debug] [2023-05-08T13:19:10.594Z] Node Version:  v18.16.0
[debug] [2023-05-08T13:19:10.600Z] Time:          Mon May 08 2023 19:19:10 GMT+0600 (Bangladesh Standard Time)
[debug] [2023-05-08T13:19:10.601Z] ----------------------------------------------------------------------
[debug] 
[debug] [2023-05-08T13:19:10.618Z] >>> [apiv2][query] GET https://firebase-public.firebaseio.com/cli.json [none]
[debug] [2023-05-08T13:19:10.789Z] > command requires scopes: ["email","openid","https://www.googleapis.com/auth/cloudplatformprojects.readonly","https://www.googleapis.com/auth/firebase","https://www.googleapis.com/auth/cloud-platform"]
[debug] [2023-05-08T13:19:10.789Z] > authorizing via signed-in user (anasmahmud523@gmail.com)
[debug] [2023-05-08T13:19:10.790Z] [iam] checking project smart-key-1f17d for permissions ["firebase.projects.get","firebasehosting.sites.update"]
[debug] [2023-05-08T13:19:10.791Z] > refreshing access token with scopes: []
[debug] [2023-05-08T13:19:10.792Z] >>> [apiv2][query] POST https://www.googleapis.com/oauth2/v3/token [none]
[debug] [2023-05-08T13:19:10.793Z] >>> [apiv2][body] POST https://www.googleapis.com/oauth2/v3/token [omitted]
[debug] [2023-05-08T13:19:11.201Z] <<< [apiv2][status] POST https://www.googleapis.com/oauth2/v3/token 400
[debug] [2023-05-08T13:19:11.201Z] <<< [apiv2][body] POST https://www.googleapis.com/oauth2/v3/token [omitted]
[debug] [2023-05-08T13:19:11.202Z] >>> [apiv2][query] POST https://cloudresourcemanager.googleapis.com/v1/projects/smart-key-1f17d:testIamPermissions [none]
[debug] [2023-05-08T13:19:11.202Z] >>> [apiv2][(partial)header] POST https://cloudresourcemanager.googleapis.com/v1/projects/smart-key-1f17d:testIamPermissions x-goog-quota-user=projects/smart-key-1f17d
[debug] [2023-05-08T13:19:11.202Z] >>> [apiv2][body] POST https://cloudresourcemanager.googleapis.com/v1/projects/smart-key-1f17d:testIamPermissions {"permissions":["firebase.projects.get","firebasehosting.sites.update"]}
[debug] [2023-05-08T13:19:11.408Z] <<< [apiv2][status] GET https://firebase-public.firebaseio.com/cli.json 200
[debug] [2023-05-08T13:19:11.408Z] <<< [apiv2][body] GET https://firebase-public.firebaseio.com/cli.json {"cloudBuildErrorAfter":1594252800000,"cloudBuildWarnAfter":1590019200000,"defaultNode10After":1594252800000,"minVersion":"3.0.5","node8DeploysDisabledAfter":1613390400000,"node8RuntimeDisabledAfter":1615809600000,"node8WarnAfter":1600128000000}
[debug] [2023-05-08T13:19:12.343Z] <<< [apiv2][status] POST https://cloudresourcemanager.googleapis.com/v1/projects/smart-key-1f17d:testIamPermissions 401
[debug] [2023-05-08T13:19:12.344Z] <<< [apiv2][body] POST https://cloudresourcemanager.googleapis.com/v1/projects/smart-key-1f17d:testIamPermissions {"error":{"code":401,"message":"Request had invalid authentication credentials. Expected OAuth 2 access token, login cookie or other valid authentication credential. See https://developers.google.com/identity/sign-in/web/devconsole-project.","status":"UNAUTHENTICATED","details":[{"@type":"type.googleapis.com/google.rpc.ErrorInfo","reason":"ACCESS_TOKEN_TYPE_UNSUPPORTED","metadata":{"method":"google.cloudresourcemanager.v1.Projects.TestIamPermissions","service":"cloudresourcemanager.googleapis.com"}}]}}
[debug] [2023-05-08T13:19:12.345Z] [iam] error while checking permissions, command may fail: FirebaseError: HTTP Error: 401, Request had invalid authentication credentials. Expected OAuth 2 access token, login cookie or other valid authentication credential. See https://developers.google.com/identity/sign-in/web/devconsole-project.
[debug] [2023-05-08T13:19:12.345Z] > refreshing access token with scopes: []
[debug] [2023-05-08T13:19:12.345Z] >>> [apiv2][query] POST https://www.googleapis.com/oauth2/v3/token [none]
[debug] [2023-05-08T13:19:12.345Z] >>> [apiv2][body] POST https://www.googleapis.com/oauth2/v3/token [omitted]
[debug] [2023-05-08T13:19:12.700Z] <<< [apiv2][status] POST https://www.googleapis.com/oauth2/v3/token 400
[debug] [2023-05-08T13:19:12.701Z] <<< [apiv2][body] POST https://www.googleapis.com/oauth2/v3/token [omitted]
[debug] [2023-05-08T13:19:12.702Z] >>> [apiv2][query] GET https://firebase.googleapis.com/v1beta1/projects/smart-key-1f17d [none]
[debug] [2023-05-08T13:19:12.964Z] <<< [apiv2][status] GET https://firebase.googleapis.com/v1beta1/projects/smart-key-1f17d 401
[debug] [2023-05-08T13:19:12.964Z] <<< [apiv2][body] GET https://firebase.googleapis.com/v1beta1/projects/smart-key-1f17d {"error":{"code":401,"message":"Request had invalid authentication credentials. Expected OAuth 2 access token, login cookie or other valid authentication credential. See https://developers.google.com/identity/sign-in/web/devconsole-project.","status":"UNAUTHENTICATED"}}
[debug] [2023-05-08T13:19:12.964Z] HTTP Error: 401, Request had invalid authentication credentials. Expected OAuth 2 access token, login cookie or other valid authentication credential. See https://developers.google.com/identity/sign-in/web/devconsole-project.
[debug] [2023-05-08T13:19:13.132Z] FirebaseError: HTTP Error: 401, Request had invalid authentication credentials. Expected OAuth 2 access token, login cookie or other valid authentication credential. See https://developers.google.com/identity/sign-in/web/devconsole-project.
    at responseToError (C:\Users\USER\AppData\Roaming\npm\node_modules\firebase-tools\lib\responseToError.js:49:12)
    at RetryOperation._fn (C:\Users\USER\AppData\Roaming\npm\node_modules\firebase-tools\lib\apiv2.js:288:77)
    at process.processTicksAndRejections (node:internal/process/task_queues:95:5)
[error] 
[error] Error: Failed to get Firebase project smart-key-1f17d. Please make sure the project exists and your account has permission to access it.
